<?xml version="1.0" encoding="UTF-8"?>
<!-- Generated by org.testng.reporters.JUnitReportReporter -->
<testsuite hostname="DESKTOP-U8HQR51" failures="0" tests="1" name="com.example.eco.ECO_project_Scripts._3EcoTestScripts" time="0.014" errors="0" timestamp="2023-07-12T17:48:27 IST" skipped="0">
  <testcase classname="com.example.eco.ECO_project_Scripts._3EcoTestScripts" name="Script1" time="0.014"/>
  <system-out/>
</testsuite> <!-- com.example.eco.ECO_project_Scripts._3EcoTestScripts -->
