<?xml version="1.0" encoding="UTF-8"?>
<!-- Generated by org.testng.reporters.JUnitReportReporter -->
<testsuite hostname="DESKTOP-U8HQR51" failures="0" tests="3" name="E2E.SmokeTesting_1_10" time="96.321" errors="0" timestamp="2023-12-14T12:36:36 IST" skipped="0">
  <testcase classname="E2E.SmokeTesting_1_10" name="TestScript01" time="44.561"/>
  <system-out/>
  <testcase classname="E2E.SmokeTesting_1_10" name="TestScript02" time="24.962"/>
  <system-out/>
  <testcase classname="E2E.SmokeTesting_1_10" name="TestScript03" time="26.798"/>
  <system-out/>
</testsuite> <!-- E2E.SmokeTesting_1_10 -->
