<?xml version="1.0" encoding="UTF-8"?>
<!-- Generated by org.testng.reporters.JUnitReportReporter -->
<testsuite hostname="DESKTOP-U8HQR51" failures="0" tests="1" name="com.NabuAI.Scripts.SmokeTesting_1_10" time="21.527" errors="0" timestamp="2023-12-12T14:45:01 IST" skipped="0">
  <testcase classname="com.NabuAI.Scripts.SmokeTesting_1_10" name="TestScript01" time="21.527"/>
  <system-out/>
</testsuite> <!-- com.NabuAI.Scripts.SmokeTesting_1_10 -->
